ARM GAS  C:\Users\Dias\AppData\Local\Temp\cceST03z.s 			page 1


   1              		.syntax unified
   2              		.cpu cortex-m3
   3              		.fpu softvfp
   4              		.eabi_attribute 20, 1
   5              		.eabi_attribute 21, 1
   6              		.eabi_attribute 23, 3
   7              		.eabi_attribute 24, 1
   8              		.eabi_attribute 25, 1
   9              		.eabi_attribute 26, 1
  10              		.eabi_attribute 30, 1
  11              		.eabi_attribute 34, 1
  12              		.eabi_attribute 18, 4
  13              		.thumb
  14              		.syntax unified
  15              		.file	"cymetadata.c"
  16              		.text
  17              	.Ltext0:
  18              		.cfi_sections	.debug_frame
  19              		.global	cy_metadata
  20              		.global	cy_meta_flashprotect
  21              		.global	cy_meta_wonvl
  22              		.global	cy_meta_custnvl
  23              		.global	cy_meta_configecc
  24              		.section	.cyconfigecc,"a",%progbits
  25              		.align	2
  26              		.type	cy_meta_configecc, %object
  27              		.size	cy_meta_configecc, 920
  28              	cy_meta_configecc:
  29 0000 02       		.byte	2
  30 0001 4F       		.byte	79
  31 0002 00       		.byte	0
  32 0003 40       		.byte	64
  33 0004 01       		.byte	1
  34 0005 5A       		.byte	90
  35 0006 00       		.byte	0
  36 0007 40       		.byte	64
  37 0008 03       		.byte	3
  38 0009 65       		.byte	101
  39 000a 00       		.byte	0
  40 000b 40       		.byte	64
  41 000c 01       		.byte	1
  42 000d 05       		.byte	5
  43 000e 01       		.byte	1
  44 000f 40       		.byte	64
  45 0010 01       		.byte	1
  46 0011 07       		.byte	7
  47 0012 01       		.byte	1
  48 0013 40       		.byte	64
  49 0014 02       		.byte	2
  50 0015 09       		.byte	9
  51 0016 01       		.byte	1
  52 0017 40       		.byte	64
  53 0018 02       		.byte	2
  54 0019 0B       		.byte	11
  55 001a 01       		.byte	1
  56 001b 40       		.byte	64
  57 001c 01       		.byte	1
ARM GAS  C:\Users\Dias\AppData\Local\Temp\cceST03z.s 			page 2


  58 001d 0D       		.byte	13
  59 001e 01       		.byte	1
  60 001f 40       		.byte	64
  61 0020 01       		.byte	1
  62 0021 0F       		.byte	15
  63 0022 01       		.byte	1
  64 0023 40       		.byte	64
  65 0024 01       		.byte	1
  66 0025 15       		.byte	21
  67 0026 01       		.byte	1
  68 0027 40       		.byte	64
  69 0028 74       		.byte	116
  70 0029 18       		.byte	24
  71 002a 01       		.byte	1
  72 002b 40       		.byte	64
  73 002c 3F       		.byte	63
  74 002d 19       		.byte	25
  75 002e 01       		.byte	1
  76 002f 40       		.byte	64
  77 0030 14       		.byte	20
  78 0031 1A       		.byte	26
  79 0032 01       		.byte	1
  80 0033 40       		.byte	64
  81 0034 42       		.byte	66
  82 0035 1B       		.byte	27
  83 0036 01       		.byte	1
  84 0037 40       		.byte	64
  85 0038 02       		.byte	2
  86 0039 40       		.byte	64
  87 003a 01       		.byte	1
  88 003b 40       		.byte	64
  89 003c 01       		.byte	1
  90 003d 41       		.byte	65
  91 003e 01       		.byte	1
  92 003f 40       		.byte	64
  93 0040 03       		.byte	3
  94 0041 42       		.byte	66
  95 0042 01       		.byte	1
  96 0043 40       		.byte	64
  97 0044 04       		.byte	4
  98 0045 43       		.byte	67
  99 0046 01       		.byte	1
 100 0047 40       		.byte	64
 101 0048 04       		.byte	4
 102 0049 44       		.byte	68
 103 004a 01       		.byte	1
 104 004b 40       		.byte	64
 105 004c 03       		.byte	3
 106 004d 46       		.byte	70
 107 004e 01       		.byte	1
 108 004f 40       		.byte	64
 109 0050 03       		.byte	3
 110 0051 47       		.byte	71
 111 0052 01       		.byte	1
 112 0053 40       		.byte	64
 113 0054 07       		.byte	7
 114 0055 48       		.byte	72
ARM GAS  C:\Users\Dias\AppData\Local\Temp\cceST03z.s 			page 3


 115 0056 01       		.byte	1
 116 0057 40       		.byte	64
 117 0058 02       		.byte	2
 118 0059 49       		.byte	73
 119 005a 01       		.byte	1
 120 005b 40       		.byte	64
 121 005c 08       		.byte	8
 122 005d 4D       		.byte	77
 123 005e 01       		.byte	1
 124 005f 40       		.byte	64
 125 0060 02       		.byte	2
 126 0061 50       		.byte	80
 127 0062 01       		.byte	1
 128 0063 40       		.byte	64
 129 0064 01       		.byte	1
 130 0065 51       		.byte	81
 131 0066 01       		.byte	1
 132 0067 40       		.byte	64
 133 0068 01       		.byte	1
 134 0069 30       		.byte	48
 135 006a 0A       		.byte	10
 136 006b 36       		.byte	54
 137 006c 9F       		.byte	-97
 138 006d 01       		.byte	1
 139 006e 88       		.byte	-120
 140 006f 0F       		.byte	15
 141 0070 8A       		.byte	-118
 142 0071 72       		.byte	114
 143 0072 8B       		.byte	-117
 144 0073 38       		.byte	56
 145 0074 E0       		.byte	-32
 146 0075 02       		.byte	2
 147 0076 E4       		.byte	-28
 148 0077 01       		.byte	1
 149 0078 9D       		.byte	-99
 150 0079 01       		.byte	1
 151 007a E4       		.byte	-28
 152 007b 01       		.byte	1
 153 007c 9D       		.byte	-99
 154 007d 01       		.byte	1
 155 007e E0       		.byte	-32
 156 007f 02       		.byte	2
 157 0080 9D       		.byte	-99
 158 0081 01       		.byte	1
 159 0082 8D       		.byte	-115
 160 0083 01       		.byte	1
 161 0084 EA       		.byte	-22
 162 0085 04       		.byte	4
 163 0086 03       		.byte	3
 164 0087 08       		.byte	8
 165 0088 04       		.byte	4
 166 0089 10       		.byte	16
 167 008a 05       		.byte	5
 168 008b 53       		.byte	83
 169 008c 06       		.byte	6
 170 008d AC       		.byte	-84
 171 008e 07       		.byte	7
ARM GAS  C:\Users\Dias\AppData\Local\Temp\cceST03z.s 			page 4


 172 008f 04       		.byte	4
 173 0090 08       		.byte	8
 174 0091 0C       		.byte	12
 175 0092 09       		.byte	9
 176 0093 03       		.byte	3
 177 0094 0A       		.byte	10
 178 0095 71       		.byte	113
 179 0096 0B       		.byte	11
 180 0097 44       		.byte	68
 181 0098 0C       		.byte	12
 182 0099 09       		.byte	9
 183 009a 0E       		.byte	14
 184 009b D0       		.byte	-48
 185 009c 15       		.byte	21
 186 009d 53       		.byte	83
 187 009e 16       		.byte	22
 188 009f 03       		.byte	3
 189 00a0 17       		.byte	23
 190 00a1 0C       		.byte	12
 191 00a2 18       		.byte	24
 192 00a3 14       		.byte	20
 193 00a4 1E       		.byte	30
 194 00a5 20       		.byte	32
 195 00a6 21       		.byte	33
 196 00a7 20       		.byte	32
 197 00a8 23       		.byte	35
 198 00a9 45       		.byte	69
 199 00aa 24       		.byte	36
 200 00ab DC       		.byte	-36
 201 00ac 25       		.byte	37
 202 00ad 0A       		.byte	10
 203 00ae 26       		.byte	38
 204 00af 22       		.byte	34
 205 00b0 27       		.byte	39
 206 00b1 54       		.byte	84
 207 00b2 28       		.byte	40
 208 00b3 10       		.byte	16
 209 00b4 29       		.byte	41
 210 00b5 80       		.byte	-128
 211 00b6 2A       		.byte	42
 212 00b7 40       		.byte	64
 213 00b8 31       		.byte	49
 214 00b9 40       		.byte	64
 215 00ba 32       		.byte	50
 216 00bb 1F       		.byte	31
 217 00bc 33       		.byte	51
 218 00bd 0F       		.byte	15
 219 00be 34       		.byte	52
 220 00bf E0       		.byte	-32
 221 00c0 35       		.byte	53
 222 00c1 80       		.byte	-128
 223 00c2 37       		.byte	55
 224 00c3 30       		.byte	48
 225 00c4 38       		.byte	56
 226 00c5 02       		.byte	2
 227 00c6 39       		.byte	57
 228 00c7 80       		.byte	-128
ARM GAS  C:\Users\Dias\AppData\Local\Temp\cceST03z.s 			page 5


 229 00c8 3A       		.byte	58
 230 00c9 20       		.byte	32
 231 00ca 3B       		.byte	59
 232 00cb 08       		.byte	8
 233 00cc 3E       		.byte	62
 234 00cd 01       		.byte	1
 235 00ce 3F       		.byte	63
 236 00cf 11       		.byte	17
 237 00d0 40       		.byte	64
 238 00d1 64       		.byte	100
 239 00d2 41       		.byte	65
 240 00d3 02       		.byte	2
 241 00d4 45       		.byte	69
 242 00d5 0B       		.byte	11
 243 00d6 46       		.byte	70
 244 00d7 C0       		.byte	-64
 245 00d8 47       		.byte	71
 246 00d9 0E       		.byte	14
 247 00da 48       		.byte	72
 248 00db 19       		.byte	25
 249 00dc 49       		.byte	73
 250 00dd FF       		.byte	-1
 251 00de 4A       		.byte	74
 252 00df FF       		.byte	-1
 253 00e0 4B       		.byte	75
 254 00e1 FF       		.byte	-1
 255 00e2 4E       		.byte	78
 256 00e3 F0       		.byte	-16
 257 00e4 4F       		.byte	79
 258 00e5 44       		.byte	68
 259 00e6 50       		.byte	80
 260 00e7 0C       		.byte	12
 261 00e8 54       		.byte	84
 262 00e9 01       		.byte	1
 263 00ea 58       		.byte	88
 264 00eb 04       		.byte	4
 265 00ec 59       		.byte	89
 266 00ed 04       		.byte	4
 267 00ee 5A       		.byte	90
 268 00ef 04       		.byte	4
 269 00f0 5B       		.byte	91
 270 00f1 04       		.byte	4
 271 00f2 5C       		.byte	92
 272 00f3 11       		.byte	17
 273 00f4 5D       		.byte	93
 274 00f5 11       		.byte	17
 275 00f6 5F       		.byte	95
 276 00f7 01       		.byte	1
 277 00f8 66       		.byte	102
 278 00f9 C0       		.byte	-64
 279 00fa 6A       		.byte	106
 280 00fb 40       		.byte	64
 281 00fc 6B       		.byte	107
 282 00fd 02       		.byte	2
 283 00fe 80       		.byte	-128
 284 00ff 80       		.byte	-128
 285 0100 82       		.byte	-126
ARM GAS  C:\Users\Dias\AppData\Local\Temp\cceST03z.s 			page 6


 286 0101 40       		.byte	64
 287 0102 84       		.byte	-124
 288 0103 2C       		.byte	44
 289 0104 85       		.byte	-123
 290 0105 17       		.byte	23
 291 0106 86       		.byte	-122
 292 0107 03       		.byte	3
 293 0108 8A       		.byte	-118
 294 0109 08       		.byte	8
 295 010a 8D       		.byte	-115
 296 010b 01       		.byte	1
 297 010c 8F       		.byte	-113
 298 010d 06       		.byte	6
 299 010e 91       		.byte	-111
 300 010f 02       		.byte	2
 301 0110 92       		.byte	-110
 302 0111 0C       		.byte	12
 303 0112 93       		.byte	-109
 304 0113 09       		.byte	9
 305 0114 94       		.byte	-108
 306 0115 C0       		.byte	-64
 307 0116 98       		.byte	-104
 308 0117 31       		.byte	49
 309 0118 99       		.byte	-103
 310 0119 17       		.byte	23
 311 011a 9A       		.byte	-102
 312 011b 0E       		.byte	14
 313 011c 9D       		.byte	-99
 314 011d 10       		.byte	16
 315 011e A1       		.byte	-95
 316 011f 04       		.byte	4
 317 0120 A2       		.byte	-94
 318 0121 13       		.byte	19
 319 0122 A3       		.byte	-93
 320 0123 01       		.byte	1
 321 0124 A4       		.byte	-92
 322 0125 C0       		.byte	-64
 323 0126 A8       		.byte	-88
 324 0127 31       		.byte	49
 325 0128 A9       		.byte	-87
 326 0129 20       		.byte	32
 327 012a AA       		.byte	-86
 328 012b 06       		.byte	6
 329 012c AC       		.byte	-84
 330 012d 40       		.byte	64
 331 012e AE       		.byte	-82
 332 012f 80       		.byte	-128
 333 0130 B0       		.byte	-80
 334 0131 C0       		.byte	-64
 335 0132 B1       		.byte	-79
 336 0133 07       		.byte	7
 337 0134 B2       		.byte	-78
 338 0135 0F       		.byte	15
 339 0136 B3       		.byte	-77
 340 0137 10       		.byte	16
 341 0138 B4       		.byte	-76
 342 0139 30       		.byte	48
ARM GAS  C:\Users\Dias\AppData\Local\Temp\cceST03z.s 			page 7


 343 013a B5       		.byte	-75
 344 013b 08       		.byte	8
 345 013c B7       		.byte	-73
 346 013d 20       		.byte	32
 347 013e B8       		.byte	-72
 348 013f 20       		.byte	32
 349 0140 BA       		.byte	-70
 350 0141 08       		.byte	8
 351 0142 BE       		.byte	-66
 352 0143 10       		.byte	16
 353 0144 BF       		.byte	-65
 354 0145 40       		.byte	64
 355 0146 C0       		.byte	-64
 356 0147 02       		.byte	2
 357 0148 C7       		.byte	-57
 358 0149 04       		.byte	4
 359 014a C9       		.byte	-55
 360 014b FF       		.byte	-1
 361 014c CA       		.byte	-54
 362 014d 07       		.byte	7
 363 014e CB       		.byte	-53
 364 014f FF       		.byte	-1
 365 0150 CC       		.byte	-52
 366 0151 40       		.byte	64
 367 0152 CD       		.byte	-51
 368 0153 20       		.byte	32
 369 0154 CE       		.byte	-50
 370 0155 F0       		.byte	-16
 371 0156 CF       		.byte	-49
 372 0157 05       		.byte	5
 373 0158 D0       		.byte	-48
 374 0159 08       		.byte	8
 375 015a D8       		.byte	-40
 376 015b 04       		.byte	4
 377 015c D9       		.byte	-39
 378 015d 04       		.byte	4
 379 015e DA       		.byte	-38
 380 015f 04       		.byte	4
 381 0160 DC       		.byte	-36
 382 0161 11       		.byte	17
 383 0162 DD       		.byte	-35
 384 0163 01       		.byte	1
 385 0164 DF       		.byte	-33
 386 0165 01       		.byte	1
 387 0166 E0       		.byte	-32
 388 0167 40       		.byte	64
 389 0168 E1       		.byte	-31
 390 0169 A8       		.byte	-88
 391 016a E2       		.byte	-30
 392 016b 40       		.byte	64
 393 016c E3       		.byte	-29
 394 016d 20       		.byte	32
 395 016e 01       		.byte	1
 396 016f 0A       		.byte	10
 397 0170 02       		.byte	2
 398 0171 04       		.byte	4
 399 0172 05       		.byte	5
ARM GAS  C:\Users\Dias\AppData\Local\Temp\cceST03z.s 			page 8


 400 0173 10       		.byte	16
 401 0174 06       		.byte	6
 402 0175 02       		.byte	2
 403 0176 07       		.byte	7
 404 0177 11       		.byte	17
 405 0178 09       		.byte	9
 406 0179 11       		.byte	17
 407 017a 0A       		.byte	10
 408 017b 24       		.byte	36
 409 017c 0C       		.byte	12
 410 017d 80       		.byte	-128
 411 017e 0E       		.byte	14
 412 017f 20       		.byte	32
 413 0180 0F       		.byte	15
 414 0181 08       		.byte	8
 415 0182 10       		.byte	16
 416 0183 82       		.byte	-126
 417 0184 11       		.byte	17
 418 0185 04       		.byte	4
 419 0186 12       		.byte	18
 420 0187 08       		.byte	8
 421 0188 13       		.byte	19
 422 0189 02       		.byte	2
 423 018a 14       		.byte	20
 424 018b 10       		.byte	16
 425 018c 16       		.byte	22
 426 018d 04       		.byte	4
 427 018e 18       		.byte	24
 428 018f 04       		.byte	4
 429 0190 19       		.byte	25
 430 0191 0A       		.byte	10
 431 0192 1D       		.byte	29
 432 0193 11       		.byte	17
 433 0194 1E       		.byte	30
 434 0195 24       		.byte	36
 435 0196 1F       		.byte	31
 436 0197 08       		.byte	8
 437 0198 21       		.byte	33
 438 0199 88       		.byte	-120
 439 019a 22       		.byte	34
 440 019b 20       		.byte	32
 441 019c 23       		.byte	35
 442 019d 40       		.byte	64
 443 019e 24       		.byte	36
 444 019f 40       		.byte	64
 445 01a0 26       		.byte	38
 446 01a1 08       		.byte	8
 447 01a2 27       		.byte	39
 448 01a3 19       		.byte	25
 449 01a4 29       		.byte	41
 450 01a5 02       		.byte	2
 451 01a6 2B       		.byte	43
 452 01a7 08       		.byte	8
 453 01a8 2C       		.byte	44
 454 01a9 98       		.byte	-104
 455 01aa 2D       		.byte	45
 456 01ab 08       		.byte	8
ARM GAS  C:\Users\Dias\AppData\Local\Temp\cceST03z.s 			page 9


 457 01ac 30       		.byte	48
 458 01ad 02       		.byte	2
 459 01ae 32       		.byte	50
 460 01af 50       		.byte	80
 461 01b0 36       		.byte	54
 462 01b1 08       		.byte	8
 463 01b2 39       		.byte	57
 464 01b3 04       		.byte	4
 465 01b4 3B       		.byte	59
 466 01b5 40       		.byte	64
 467 01b6 3D       		.byte	61
 468 01b7 02       		.byte	2
 469 01b8 3E       		.byte	62
 470 01b9 16       		.byte	22
 471 01ba 3F       		.byte	63
 472 01bb 20       		.byte	32
 473 01bc 40       		.byte	64
 474 01bd 04       		.byte	4
 475 01be 45       		.byte	69
 476 01bf 10       		.byte	16
 477 01c0 47       		.byte	71
 478 01c1 02       		.byte	2
 479 01c2 48       		.byte	72
 480 01c3 80       		.byte	-128
 481 01c4 4E       		.byte	78
 482 01c5 08       		.byte	8
 483 01c6 4F       		.byte	79
 484 01c7 08       		.byte	8
 485 01c8 52       		.byte	82
 486 01c9 04       		.byte	4
 487 01ca 54       		.byte	84
 488 01cb 08       		.byte	8
 489 01cc 57       		.byte	87
 490 01cd 10       		.byte	16
 491 01ce 5C       		.byte	92
 492 01cf 40       		.byte	64
 493 01d0 5E       		.byte	94
 494 01d1 10       		.byte	16
 495 01d2 5F       		.byte	95
 496 01d3 09       		.byte	9
 497 01d4 80       		.byte	-128
 498 01d5 08       		.byte	8
 499 01d6 83       		.byte	-125
 500 01d7 01       		.byte	1
 501 01d8 9D       		.byte	-99
 502 01d9 01       		.byte	1
 503 01da C0       		.byte	-64
 504 01db EE       		.byte	-18
 505 01dc C2       		.byte	-62
 506 01dd EE       		.byte	-18
 507 01de C4       		.byte	-60
 508 01df 6F       		.byte	111
 509 01e0 CA       		.byte	-54
 510 01e1 E5       		.byte	-27
 511 01e2 CC       		.byte	-52
 512 01e3 4D       		.byte	77
 513 01e4 CE       		.byte	-50
ARM GAS  C:\Users\Dias\AppData\Local\Temp\cceST03z.s 			page 10


 514 01e5 EA       		.byte	-22
 515 01e6 D0       		.byte	-48
 516 01e7 A4       		.byte	-92
 517 01e8 D2       		.byte	-46
 518 01e9 20       		.byte	32
 519 01ea D6       		.byte	-42
 520 01eb F0       		.byte	-16
 521 01ec 82       		.byte	-126
 522 01ed 04       		.byte	4
 523 01ee 86       		.byte	-122
 524 01ef 02       		.byte	2
 525 01f0 88       		.byte	-120
 526 01f1 01       		.byte	1
 527 01f2 8C       		.byte	-116
 528 01f3 01       		.byte	1
 529 01f4 92       		.byte	-110
 530 01f5 02       		.byte	2
 531 01f6 96       		.byte	-106
 532 01f7 01       		.byte	1
 533 01f8 AA       		.byte	-86
 534 01f9 04       		.byte	4
 535 01fa AE       		.byte	-82
 536 01fb 01       		.byte	1
 537 01fc B0       		.byte	-80
 538 01fd 01       		.byte	1
 539 01fe B2       		.byte	-78
 540 01ff 02       		.byte	2
 541 0200 B4       		.byte	-76
 542 0201 04       		.byte	4
 543 0202 B8       		.byte	-72
 544 0203 02       		.byte	2
 545 0204 BA       		.byte	-70
 546 0205 80       		.byte	-128
 547 0206 BE       		.byte	-66
 548 0207 14       		.byte	20
 549 0208 D4       		.byte	-44
 550 0209 18       		.byte	24
 551 020a D8       		.byte	-40
 552 020b 04       		.byte	4
 553 020c DB       		.byte	-37
 554 020d 04       		.byte	4
 555 020e DC       		.byte	-36
 556 020f 01       		.byte	1
 557 0210 DD       		.byte	-35
 558 0211 10       		.byte	16
 559 0212 DF       		.byte	-33
 560 0213 01       		.byte	1
 561 0214 00       		.byte	0
 562 0215 44       		.byte	68
 563 0216 01       		.byte	1
 564 0217 02       		.byte	2
 565 0218 04       		.byte	4
 566 0219 02       		.byte	2
 567 021a 05       		.byte	5
 568 021b 60       		.byte	96
 569 021c 06       		.byte	6
 570 021d 11       		.byte	17
ARM GAS  C:\Users\Dias\AppData\Local\Temp\cceST03z.s 			page 11


 571 021e 08       		.byte	8
 572 021f 21       		.byte	33
 573 0220 09       		.byte	9
 574 0221 80       		.byte	-128
 575 0222 0A       		.byte	10
 576 0223 10       		.byte	16
 577 0224 0B       		.byte	11
 578 0225 40       		.byte	64
 579 0226 0D       		.byte	13
 580 0227 02       		.byte	2
 581 0228 0E       		.byte	14
 582 0229 10       		.byte	16
 583 022a 10       		.byte	16
 584 022b 82       		.byte	-126
 585 022c 13       		.byte	19
 586 022d 14       		.byte	20
 587 022e 15       		.byte	21
 588 022f 20       		.byte	32
 589 0230 17       		.byte	23
 590 0231 80       		.byte	-128
 591 0232 18       		.byte	24
 592 0233 05       		.byte	5
 593 0234 19       		.byte	25
 594 0235 25       		.byte	37
 595 0236 1A       		.byte	26
 596 0237 10       		.byte	16
 597 0238 1D       		.byte	29
 598 0239 C2       		.byte	-62
 599 023a 1E       		.byte	30
 600 023b 04       		.byte	4
 601 023c 1F       		.byte	31
 602 023d 04       		.byte	4
 603 023e 20       		.byte	32
 604 023f 40       		.byte	64
 605 0240 21       		.byte	33
 606 0241 10       		.byte	16
 607 0242 23       		.byte	35
 608 0243 81       		.byte	-127
 609 0244 28       		.byte	40
 610 0245 21       		.byte	33
 611 0246 29       		.byte	41
 612 0247 22       		.byte	34
 613 0248 30       		.byte	48
 614 0249 82       		.byte	-126
 615 024a 31       		.byte	49
 616 024b 04       		.byte	4
 617 024c 32       		.byte	50
 618 024d 20       		.byte	32
 619 024e 38       		.byte	56
 620 024f 68       		.byte	104
 621 0250 3A       		.byte	58
 622 0251 01       		.byte	1
 623 0252 40       		.byte	64
 624 0253 21       		.byte	33
 625 0254 41       		.byte	65
 626 0255 18       		.byte	24
 627 0256 49       		.byte	73
ARM GAS  C:\Users\Dias\AppData\Local\Temp\cceST03z.s 			page 12


 628 0257 60       		.byte	96
 629 0258 50       		.byte	80
 630 0259 01       		.byte	1
 631 025a 52       		.byte	82
 632 025b 10       		.byte	16
 633 025c 59       		.byte	89
 634 025d 01       		.byte	1
 635 025e 5F       		.byte	95
 636 025f 01       		.byte	1
 637 0260 66       		.byte	102
 638 0261 80       		.byte	-128
 639 0262 67       		.byte	103
 640 0263 08       		.byte	8
 641 0264 69       		.byte	105
 642 0265 04       		.byte	4
 643 0266 6A       		.byte	106
 644 0267 A0       		.byte	-96
 645 0268 70       		.byte	112
 646 0269 94       		.byte	-108
 647 026a 73       		.byte	115
 648 026b 14       		.byte	20
 649 026c 88       		.byte	-120
 650 026d 02       		.byte	2
 651 026e 8A       		.byte	-118
 652 026f 84       		.byte	-124
 653 0270 93       		.byte	-109
 654 0271 40       		.byte	64
 655 0272 95       		.byte	-107
 656 0273 04       		.byte	4
 657 0274 96       		.byte	-106
 658 0275 A0       		.byte	-96
 659 0276 99       		.byte	-103
 660 0277 02       		.byte	2
 661 0278 A1       		.byte	-95
 662 0279 08       		.byte	8
 663 027a A2       		.byte	-94
 664 027b 20       		.byte	32
 665 027c A4       		.byte	-92
 666 027d 02       		.byte	2
 667 027e A9       		.byte	-87
 668 027f 01       		.byte	1
 669 0280 AD       		.byte	-83
 670 0281 80       		.byte	-128
 671 0282 C0       		.byte	-64
 672 0283 FD       		.byte	-3
 673 0284 C2       		.byte	-62
 674 0285 3F       		.byte	63
 675 0286 C4       		.byte	-60
 676 0287 CF       		.byte	-49
 677 0288 CA       		.byte	-54
 678 0289 0F       		.byte	15
 679 028a CC       		.byte	-52
 680 028b 0F       		.byte	15
 681 028c CE       		.byte	-50
 682 028d 0F       		.byte	15
 683 028e D0       		.byte	-48
 684 028f 0E       		.byte	14
ARM GAS  C:\Users\Dias\AppData\Local\Temp\cceST03z.s 			page 13


 685 0290 D2       		.byte	-46
 686 0291 0C       		.byte	12
 687 0292 D6       		.byte	-42
 688 0293 81       		.byte	-127
 689 0294 D8       		.byte	-40
 690 0295 30       		.byte	48
 691 0296 EC       		.byte	-20
 692 0297 02       		.byte	2
 693 0298 3C       		.byte	60
 694 0299 10       		.byte	16
 695 029a CE       		.byte	-50
 696 029b 20       		.byte	32
 697 029c 94       		.byte	-108
 698 029d 10       		.byte	16
 699 029e 87       		.byte	-121
 700 029f 01       		.byte	1
 701 02a0 94       		.byte	-108
 702 02a1 10       		.byte	16
 703 02a2 E0       		.byte	-32
 704 02a3 40       		.byte	64
 705 02a4 80       		.byte	-128
 706 02a5 10       		.byte	16
 707 02a6 94       		.byte	-108
 708 02a7 10       		.byte	16
 709 02a8 9F       		.byte	-97
 710 02a9 01       		.byte	1
 711 02aa E4       		.byte	-28
 712 02ab 80       		.byte	-128
 713 02ac 7D       		.byte	125
 714 02ad 08       		.byte	8
 715 02ae 8D       		.byte	-115
 716 02af 04       		.byte	4
 717 02b0 DE       		.byte	-34
 718 02b1 01       		.byte	1
 719 02b2 E4       		.byte	-28
 720 02b3 02       		.byte	2
 721 02b4 45       		.byte	69
 722 02b5 08       		.byte	8
 723 02b6 85       		.byte	-123
 724 02b7 08       		.byte	8
 725 02b8 D0       		.byte	-48
 726 02b9 01       		.byte	1
 727 02ba 32       		.byte	50
 728 02bb 40       		.byte	64
 729 02bc 82       		.byte	-126
 730 02bd 40       		.byte	64
 731 02be CC       		.byte	-52
 732 02bf 08       		.byte	8
 733 02c0 24       		.byte	36
 734 02c1 10       		.byte	16
 735 02c2 27       		.byte	39
 736 02c3 01       		.byte	1
 737 02c4 65       		.byte	101
 738 02c5 01       		.byte	1
 739 02c6 94       		.byte	-108
 740 02c7 10       		.byte	16
 741 02c8 9F       		.byte	-97
ARM GAS  C:\Users\Dias\AppData\Local\Temp\cceST03z.s 			page 14


 742 02c9 01       		.byte	1
 743 02ca C8       		.byte	-56
 744 02cb A0       		.byte	-96
 745 02cc D8       		.byte	-40
 746 02cd 80       		.byte	-128
 747 02ce A9       		.byte	-87
 748 02cf 01       		.byte	1
 749 02d0 EA       		.byte	-22
 750 02d1 20       		.byte	32
 751 02d2 10       		.byte	16
 752 02d3 80       		.byte	-128
 753 02d4 74       		.byte	116
 754 02d5 04       		.byte	4
 755 02d6 88       		.byte	-120
 756 02d7 80       		.byte	-128
 757 02d8 A0       		.byte	-96
 758 02d9 04       		.byte	4
 759 02da AC       		.byte	-84
 760 02db 04       		.byte	4
 761 02dc C4       		.byte	-60
 762 02dd 08       		.byte	8
 763 02de DE       		.byte	-34
 764 02df 04       		.byte	4
 765 02e0 E6       		.byte	-26
 766 02e1 01       		.byte	1
 767 02e2 10       		.byte	16
 768 02e3 02       		.byte	2
 769 02e4 1C       		.byte	28
 770 02e5 02       		.byte	2
 771 02e6 10       		.byte	16
 772 02e7 02       		.byte	2
 773 02e8 80       		.byte	-128
 774 02e9 80       		.byte	-128
 775 02ea 00       		.byte	0
 776 02eb 00       		.byte	0
 777 02ec 40       		.byte	64
 778 02ed 00       		.byte	0
 779 02ee 00       		.byte	0
 780 02ef 00       		.byte	0
 781 02f0 02       		.byte	2
 782 02f1 FF       		.byte	-1
 783 02f2 80       		.byte	-128
 784 02f3 00       		.byte	0
 785 02f4 33       		.byte	51
 786 02f5 18       		.byte	24
 787 02f6 0C       		.byte	12
 788 02f7 00       		.byte	0
 789 02f8 00       		.byte	0
 790 02f9 08       		.byte	8
 791 02fa 00       		.byte	0
 792 02fb 00       		.byte	0
 793 02fc 1C       		.byte	28
 794 02fd 3C       		.byte	60
 795 02fe 23       		.byte	35
 796 02ff C2       		.byte	-62
 797 0300 03       		.byte	3
 798 0301 44       		.byte	68
ARM GAS  C:\Users\Dias\AppData\Local\Temp\cceST03z.s 			page 15


 799 0302 40       		.byte	64
 800 0303 00       		.byte	0
 801 0304 1F       		.byte	31
 802 0305 1C       		.byte	28
 803 0306 20       		.byte	32
 804 0307 E1       		.byte	-31
 805 0308 00       		.byte	0
 806 0309 00       		.byte	0
 807 030a 23       		.byte	35
 808 030b 04       		.byte	4
 809 030c 3F       		.byte	63
 810 030d 10       		.byte	16
 811 030e 00       		.byte	0
 812 030f 00       		.byte	0
 813 0310 08       		.byte	8
 814 0311 80       		.byte	-128
 815 0312 00       		.byte	0
 816 0313 00       		.byte	0
 817 0314 04       		.byte	4
 818 0315 00       		.byte	0
 819 0316 00       		.byte	0
 820 0317 E3       		.byte	-29
 821 0318 0C       		.byte	12
 822 0319 E7       		.byte	-25
 823 031a 00       		.byte	0
 824 031b 18       		.byte	24
 825 031c 01       		.byte	1
 826 031d C0       		.byte	-64
 827 031e 80       		.byte	-128
 828 031f 00       		.byte	0
 829 0320 10       		.byte	16
 830 0321 1F       		.byte	31
 831 0322 2C       		.byte	44
 832 0323 00       		.byte	0
 833 0324 0F       		.byte	15
 834 0325 38       		.byte	56
 835 0326 C0       		.byte	-64
 836 0327 C0       		.byte	-64
 837 0328 00       		.byte	0
 838 0329 00       		.byte	0
 839 032a 28       		.byte	40
 840 032b 02       		.byte	2
 841 032c 00       		.byte	0
 842 032d 00       		.byte	0
 843 032e 41       		.byte	65
 844 032f 00       		.byte	0
 845 0330 63       		.byte	99
 846 0331 05       		.byte	5
 847 0332 02       		.byte	2
 848 0333 00       		.byte	0
 849 0334 01       		.byte	1
 850 0335 00       		.byte	0
 851 0336 E0       		.byte	-32
 852 0337 C0       		.byte	-64
 853 0338 28       		.byte	40
 854 0339 FF       		.byte	-1
 855 033a FF       		.byte	-1
ARM GAS  C:\Users\Dias\AppData\Local\Temp\cceST03z.s 			page 16


 856 033b FF       		.byte	-1
 857 033c 62       		.byte	98
 858 033d A0       		.byte	-96
 859 033e F0       		.byte	-16
 860 033f 41       		.byte	65
 861 0340 0C       		.byte	12
 862 0341 00       		.byte	0
 863 0342 00       		.byte	0
 864 0343 00       		.byte	0
 865 0344 00       		.byte	0
 866 0345 00       		.byte	0
 867 0346 02       		.byte	2
 868 0347 13       		.byte	19
 869 0348 04       		.byte	4
 870 0349 04       		.byte	4
 871 034a 04       		.byte	4
 872 034b 04       		.byte	4
 873 034c 11       		.byte	17
 874 034d 11       		.byte	17
 875 034e 00       		.byte	0
 876 034f 01       		.byte	1
 877 0350 00       		.byte	0
 878 0351 00       		.byte	0
 879 0352 00       		.byte	0
 880 0353 00       		.byte	0
 881 0354 00       		.byte	0
 882 0355 00       		.byte	0
 883 0356 40       		.byte	64
 884 0357 02       		.byte	2
 885 0358 00       		.byte	0
 886 0359 10       		.byte	16
 887 035a 30       		.byte	48
 888 035b 10       		.byte	16
 889 035c 00       		.byte	0
 890 035d 10       		.byte	16
 891 035e 10       		.byte	16
 892 035f 12       		.byte	18
 893 0360 00       		.byte	0
 894 0361 00       		.byte	0
 895 0362 00       		.byte	0
 896 0363 00       		.byte	0
 897 0364 00       		.byte	0
 898 0365 00       		.byte	0
 899 0366 00       		.byte	0
 900 0367 00       		.byte	0
 901 0368 00       		.byte	0
 902 0369 00       		.byte	0
 903 036a 00       		.byte	0
 904 036b 00       		.byte	0
 905 036c 00       		.byte	0
 906 036d 00       		.byte	0
 907 036e 00       		.byte	0
 908 036f 00       		.byte	0
 909 0370 00       		.byte	0
 910 0371 00       		.byte	0
 911 0372 00       		.byte	0
 912 0373 00       		.byte	0
ARM GAS  C:\Users\Dias\AppData\Local\Temp\cceST03z.s 			page 17


 913 0374 00       		.byte	0
 914 0375 00       		.byte	0
 915 0376 06       		.byte	6
 916 0377 00       		.byte	0
 917 0378 80       		.byte	-128
 918 0379 00       		.byte	0
 919 037a 40       		.byte	64
 920 037b 80       		.byte	-128
 921 037c 80       		.byte	-128
 922 037d 00       		.byte	0
 923 037e 80       		.byte	-128
 924 037f 00       		.byte	0
 925 0380 00       		.byte	0
 926 0381 00       		.byte	0
 927 0382 00       		.byte	0
 928 0383 00       		.byte	0
 929 0384 00       		.byte	0
 930 0385 0B       		.byte	11
 931 0386 0B       		.byte	11
 932 0387 00       		.byte	0
 933 0388 00       		.byte	0
 934 0389 00       		.byte	0
 935 038a 00       		.byte	0
 936 038b 00       		.byte	0
 937 038c 00       		.byte	0
 938 038d 00       		.byte	0
 939 038e 00       		.byte	0
 940 038f 00       		.byte	0
 941 0390 00       		.byte	0
 942 0391 00       		.byte	0
 943 0392 F0       		.byte	-16
 944 0393 00       		.byte	0
 945 0394 25       		.byte	37
 946 0395 00       		.byte	0
 947 0396 18       		.byte	24
 948 0397 01       		.byte	1
 949              		.section	.cywolatch,"a",%progbits
 950              		.align	2
 951              		.type	cy_meta_wonvl, %object
 952              		.size	cy_meta_wonvl, 4
 953              	cy_meta_wonvl:
 954 0000 BC       		.byte	-68
 955 0001 90       		.byte	-112
 956 0002 AC       		.byte	-84
 957 0003 AF       		.byte	-81
 958              		.section	.cycustnvl,"a",%progbits
 959              		.align	2
 960              		.type	cy_meta_custnvl, %object
 961              		.size	cy_meta_custnvl, 4
 962              	cy_meta_custnvl:
 963 0000 00       		.byte	0
 964 0001 00       		.byte	0
 965 0002 40       		.byte	64
 966 0003 05       		.byte	5
 967              		.section	.cymeta,"a",%progbits
 968              		.align	2
 969              		.type	cy_metadata, %object
ARM GAS  C:\Users\Dias\AppData\Local\Temp\cceST03z.s 			page 18


 970              		.size	cy_metadata, 12
 971              	cy_metadata:
 972 0000 00       		.byte	0
 973 0001 01       		.byte	1
 974 0002 2E       		.byte	46
 975 0003 16       		.byte	22
 976 0004 10       		.byte	16
 977 0005 69       		.byte	105
 978 0006 00       		.byte	0
 979 0007 01       		.byte	1
 980 0008 00       		.byte	0
 981 0009 00       		.byte	0
 982 000a 00       		.byte	0
 983 000b 00       		.byte	0
 984              		.section	.cyflashprotect,"a",%progbits
 985              		.align	2
 986              		.type	cy_meta_flashprotect, %object
 987              		.size	cy_meta_flashprotect, 256
 988              	cy_meta_flashprotect:
 989 0000 00000000 		.space	256
 989      00000000 
 989      00000000 
 989      00000000 
 989      00000000 
 990              		.text
 991              	.Letext0:
 992              		.file 1 "d:\\cypress\\psoc creator\\4.4\\psoc creator\\import\\gnu\\arm\\5.4.1\\arm-none-eabi\\inc
 993              		.file 2 "d:\\cypress\\psoc creator\\4.4\\psoc creator\\import\\gnu\\arm\\5.4.1\\arm-none-eabi\\inc
 994              		.file 3 "Generated_Source\\PSoC5\\cymetadata.c"
 995              		.section	.debug_info,"",%progbits
 996              	.Ldebug_info0:
 997 0000 31010000 		.4byte	0x131
 998 0004 0400     		.2byte	0x4
 999 0006 00000000 		.4byte	.Ldebug_abbrev0
 1000 000a 04       		.byte	0x4
 1001 000b 01       		.uleb128 0x1
 1002 000c 6C000000 		.4byte	.LASF17
 1003 0010 0C       		.byte	0xc
 1004 0011 C6010000 		.4byte	.LASF18
 1005 0015 00000000 		.4byte	.LASF19
 1006 0019 00000000 		.4byte	.Ldebug_line0
 1007 001d 02       		.uleb128 0x2
 1008 001e 01       		.byte	0x1
 1009 001f 06       		.byte	0x6
 1010 0020 BA010000 		.4byte	.LASF0
 1011 0024 03       		.uleb128 0x3
 1012 0025 48000000 		.4byte	.LASF9
 1013 0029 01       		.byte	0x1
 1014 002a 1D       		.byte	0x1d
 1015 002b 2F000000 		.4byte	0x2f
 1016 002f 02       		.uleb128 0x2
 1017 0030 01       		.byte	0x1
 1018 0031 08       		.byte	0x8
 1019 0032 5E000000 		.4byte	.LASF1
 1020 0036 02       		.uleb128 0x2
 1021 0037 02       		.byte	0x2
 1022 0038 05       		.byte	0x5
ARM GAS  C:\Users\Dias\AppData\Local\Temp\cceST03z.s 			page 19


 1023 0039 A7010000 		.4byte	.LASF2
 1024 003d 02       		.uleb128 0x2
 1025 003e 02       		.byte	0x2
 1026 003f 07       		.byte	0x7
 1027 0040 0C010000 		.4byte	.LASF3
 1028 0044 02       		.uleb128 0x2
 1029 0045 04       		.byte	0x4
 1030 0046 05       		.byte	0x5
 1031 0047 B1010000 		.4byte	.LASF4
 1032 004b 02       		.uleb128 0x2
 1033 004c 04       		.byte	0x4
 1034 004d 07       		.byte	0x7
 1035 004e FA000000 		.4byte	.LASF5
 1036 0052 02       		.uleb128 0x2
 1037 0053 08       		.byte	0x8
 1038 0054 05       		.byte	0x5
 1039 0055 99010000 		.4byte	.LASF6
 1040 0059 02       		.uleb128 0x2
 1041 005a 08       		.byte	0x8
 1042 005b 07       		.byte	0x7
 1043 005c 4E010000 		.4byte	.LASF7
 1044 0060 04       		.uleb128 0x4
 1045 0061 04       		.byte	0x4
 1046 0062 05       		.byte	0x5
 1047 0063 696E7400 		.ascii	"int\000"
 1048 0067 02       		.uleb128 0x2
 1049 0068 04       		.byte	0x4
 1050 0069 07       		.byte	0x7
 1051 006a 41010000 		.4byte	.LASF8
 1052 006e 03       		.uleb128 0x3
 1053 006f 65010000 		.4byte	.LASF10
 1054 0073 02       		.byte	0x2
 1055 0074 18       		.byte	0x18
 1056 0075 24000000 		.4byte	0x24
 1057 0079 05       		.uleb128 0x5
 1058 007a 91000000 		.4byte	0x91
 1059 007e 8A000000 		.4byte	0x8a
 1060 0082 06       		.uleb128 0x6
 1061 0083 8A000000 		.4byte	0x8a
 1062 0087 9703     		.2byte	0x397
 1063 0089 00       		.byte	0
 1064 008a 02       		.uleb128 0x2
 1065 008b 04       		.byte	0x4
 1066 008c 07       		.byte	0x7
 1067 008d 90010000 		.4byte	.LASF11
 1068 0091 07       		.uleb128 0x7
 1069 0092 6E000000 		.4byte	0x6e
 1070 0096 08       		.uleb128 0x8
 1071 0097 2F010000 		.4byte	.LASF12
 1072 009b 03       		.byte	0x3
 1073 009c 1F       		.byte	0x1f
 1074 009d A7000000 		.4byte	0xa7
 1075 00a1 05       		.uleb128 0x5
 1076 00a2 03       		.byte	0x3
 1077 00a3 00000000 		.4byte	cy_meta_configecc
 1078 00a7 07       		.uleb128 0x7
 1079 00a8 79000000 		.4byte	0x79
ARM GAS  C:\Users\Dias\AppData\Local\Temp\cceST03z.s 			page 20


 1080 00ac 05       		.uleb128 0x5
 1081 00ad 91000000 		.4byte	0x91
 1082 00b1 BC000000 		.4byte	0xbc
 1083 00b5 09       		.uleb128 0x9
 1084 00b6 8A000000 		.4byte	0x8a
 1085 00ba 03       		.byte	0x3
 1086 00bb 00       		.byte	0
 1087 00bc 08       		.uleb128 0x8
 1088 00bd 1F010000 		.4byte	.LASF13
 1089 00c1 03       		.byte	0x3
 1090 00c2 9F       		.byte	0x9f
 1091 00c3 CD000000 		.4byte	0xcd
 1092 00c7 05       		.uleb128 0x5
 1093 00c8 03       		.byte	0x3
 1094 00c9 00000000 		.4byte	cy_meta_custnvl
 1095 00cd 07       		.uleb128 0x7
 1096 00ce AC000000 		.4byte	0xac
 1097 00d2 08       		.uleb128 0x8
 1098 00d3 82010000 		.4byte	.LASF14
 1099 00d7 03       		.byte	0x3
 1100 00d8 AD       		.byte	0xad
 1101 00d9 E3000000 		.4byte	0xe3
 1102 00dd 05       		.uleb128 0x5
 1103 00de 03       		.byte	0x3
 1104 00df 00000000 		.4byte	cy_meta_wonvl
 1105 00e3 07       		.uleb128 0x7
 1106 00e4 AC000000 		.4byte	0xac
 1107 00e8 05       		.uleb128 0x5
 1108 00e9 91000000 		.4byte	0x91
 1109 00ed F8000000 		.4byte	0xf8
 1110 00f1 09       		.uleb128 0x9
 1111 00f2 8A000000 		.4byte	0x8a
 1112 00f6 FF       		.byte	0xff
 1113 00f7 00       		.byte	0
 1114 00f8 08       		.uleb128 0x8
 1115 00f9 6D010000 		.4byte	.LASF15
 1116 00fd 03       		.byte	0x3
 1117 00fe BB       		.byte	0xbb
 1118 00ff 09010000 		.4byte	0x109
 1119 0103 05       		.uleb128 0x5
 1120 0104 03       		.byte	0x3
 1121 0105 00000000 		.4byte	cy_meta_flashprotect
 1122 0109 07       		.uleb128 0x7
 1123 010a E8000000 		.4byte	0xe8
 1124 010e 05       		.uleb128 0x5
 1125 010f 91000000 		.4byte	0x91
 1126 0113 1E010000 		.4byte	0x11e
 1127 0117 09       		.uleb128 0x9
 1128 0118 8A000000 		.4byte	0x8a
 1129 011c 0B       		.byte	0xb
 1130 011d 00       		.byte	0
 1131 011e 08       		.uleb128 0x8
 1132 011f 52000000 		.4byte	.LASF16
 1133 0123 03       		.byte	0x3
 1134 0124 E8       		.byte	0xe8
 1135 0125 2F010000 		.4byte	0x12f
 1136 0129 05       		.uleb128 0x5
ARM GAS  C:\Users\Dias\AppData\Local\Temp\cceST03z.s 			page 21


 1137 012a 03       		.byte	0x3
 1138 012b 00000000 		.4byte	cy_metadata
 1139 012f 07       		.uleb128 0x7
 1140 0130 0E010000 		.4byte	0x10e
 1141 0134 00       		.byte	0
 1142              		.section	.debug_abbrev,"",%progbits
 1143              	.Ldebug_abbrev0:
 1144 0000 01       		.uleb128 0x1
 1145 0001 11       		.uleb128 0x11
 1146 0002 01       		.byte	0x1
 1147 0003 25       		.uleb128 0x25
 1148 0004 0E       		.uleb128 0xe
 1149 0005 13       		.uleb128 0x13
 1150 0006 0B       		.uleb128 0xb
 1151 0007 03       		.uleb128 0x3
 1152 0008 0E       		.uleb128 0xe
 1153 0009 1B       		.uleb128 0x1b
 1154 000a 0E       		.uleb128 0xe
 1155 000b 10       		.uleb128 0x10
 1156 000c 17       		.uleb128 0x17
 1157 000d 00       		.byte	0
 1158 000e 00       		.byte	0
 1159 000f 02       		.uleb128 0x2
 1160 0010 24       		.uleb128 0x24
 1161 0011 00       		.byte	0
 1162 0012 0B       		.uleb128 0xb
 1163 0013 0B       		.uleb128 0xb
 1164 0014 3E       		.uleb128 0x3e
 1165 0015 0B       		.uleb128 0xb
 1166 0016 03       		.uleb128 0x3
 1167 0017 0E       		.uleb128 0xe
 1168 0018 00       		.byte	0
 1169 0019 00       		.byte	0
 1170 001a 03       		.uleb128 0x3
 1171 001b 16       		.uleb128 0x16
 1172 001c 00       		.byte	0
 1173 001d 03       		.uleb128 0x3
 1174 001e 0E       		.uleb128 0xe
 1175 001f 3A       		.uleb128 0x3a
 1176 0020 0B       		.uleb128 0xb
 1177 0021 3B       		.uleb128 0x3b
 1178 0022 0B       		.uleb128 0xb
 1179 0023 49       		.uleb128 0x49
 1180 0024 13       		.uleb128 0x13
 1181 0025 00       		.byte	0
 1182 0026 00       		.byte	0
 1183 0027 04       		.uleb128 0x4
 1184 0028 24       		.uleb128 0x24
 1185 0029 00       		.byte	0
 1186 002a 0B       		.uleb128 0xb
 1187 002b 0B       		.uleb128 0xb
 1188 002c 3E       		.uleb128 0x3e
 1189 002d 0B       		.uleb128 0xb
 1190 002e 03       		.uleb128 0x3
 1191 002f 08       		.uleb128 0x8
 1192 0030 00       		.byte	0
 1193 0031 00       		.byte	0
ARM GAS  C:\Users\Dias\AppData\Local\Temp\cceST03z.s 			page 22


 1194 0032 05       		.uleb128 0x5
 1195 0033 01       		.uleb128 0x1
 1196 0034 01       		.byte	0x1
 1197 0035 49       		.uleb128 0x49
 1198 0036 13       		.uleb128 0x13
 1199 0037 01       		.uleb128 0x1
 1200 0038 13       		.uleb128 0x13
 1201 0039 00       		.byte	0
 1202 003a 00       		.byte	0
 1203 003b 06       		.uleb128 0x6
 1204 003c 21       		.uleb128 0x21
 1205 003d 00       		.byte	0
 1206 003e 49       		.uleb128 0x49
 1207 003f 13       		.uleb128 0x13
 1208 0040 2F       		.uleb128 0x2f
 1209 0041 05       		.uleb128 0x5
 1210 0042 00       		.byte	0
 1211 0043 00       		.byte	0
 1212 0044 07       		.uleb128 0x7
 1213 0045 26       		.uleb128 0x26
 1214 0046 00       		.byte	0
 1215 0047 49       		.uleb128 0x49
 1216 0048 13       		.uleb128 0x13
 1217 0049 00       		.byte	0
 1218 004a 00       		.byte	0
 1219 004b 08       		.uleb128 0x8
 1220 004c 34       		.uleb128 0x34
 1221 004d 00       		.byte	0
 1222 004e 03       		.uleb128 0x3
 1223 004f 0E       		.uleb128 0xe
 1224 0050 3A       		.uleb128 0x3a
 1225 0051 0B       		.uleb128 0xb
 1226 0052 3B       		.uleb128 0x3b
 1227 0053 0B       		.uleb128 0xb
 1228 0054 49       		.uleb128 0x49
 1229 0055 13       		.uleb128 0x13
 1230 0056 3F       		.uleb128 0x3f
 1231 0057 19       		.uleb128 0x19
 1232 0058 02       		.uleb128 0x2
 1233 0059 18       		.uleb128 0x18
 1234 005a 00       		.byte	0
 1235 005b 00       		.byte	0
 1236 005c 09       		.uleb128 0x9
 1237 005d 21       		.uleb128 0x21
 1238 005e 00       		.byte	0
 1239 005f 49       		.uleb128 0x49
 1240 0060 13       		.uleb128 0x13
 1241 0061 2F       		.uleb128 0x2f
 1242 0062 0B       		.uleb128 0xb
 1243 0063 00       		.byte	0
 1244 0064 00       		.byte	0
 1245 0065 00       		.byte	0
 1246              		.section	.debug_aranges,"",%progbits
 1247 0000 14000000 		.4byte	0x14
 1248 0004 0200     		.2byte	0x2
 1249 0006 00000000 		.4byte	.Ldebug_info0
 1250 000a 04       		.byte	0x4
ARM GAS  C:\Users\Dias\AppData\Local\Temp\cceST03z.s 			page 23


 1251 000b 00       		.byte	0
 1252 000c 0000     		.2byte	0
 1253 000e 0000     		.2byte	0
 1254 0010 00000000 		.4byte	0
 1255 0014 00000000 		.4byte	0
 1256              		.section	.debug_line,"",%progbits
 1257              	.Ldebug_line0:
 1258 0000 15010000 		.section	.debug_str,"MS",%progbits,1
 1258      02000F01 
 1258      00000201 
 1258      FB0E0D00 
 1258      01010101 
 1259              	.LASF19:
 1260 0000 433A5C55 		.ascii	"C:\\Users\\Dias\\Documents\\PSoC Creator\\TA-Dias\\"
 1260      73657273 
 1260      5C446961 
 1260      735C446F 
 1260      63756D65 
 1261 002d 54412D44 		.ascii	"TA-DIas\\PSoC_Dias_v1.cydsn\000"
 1261      4961735C 
 1261      50536F43 
 1261      5F446961 
 1261      735F7631 
 1262              	.LASF9:
 1263 0048 5F5F7569 		.ascii	"__uint8_t\000"
 1263      6E74385F 
 1263      7400
 1264              	.LASF16:
 1265 0052 63795F6D 		.ascii	"cy_metadata\000"
 1265      65746164 
 1265      61746100 
 1266              	.LASF1:
 1267 005e 756E7369 		.ascii	"unsigned char\000"
 1267      676E6564 
 1267      20636861 
 1267      7200
 1268              	.LASF17:
 1269 006c 474E5520 		.ascii	"GNU C11 5.4.1 20160609 (release) [ARM/embedded-5-br"
 1269      43313120 
 1269      352E342E 
 1269      31203230 
 1269      31363036 
 1270 009f 616E6368 		.ascii	"anch revision 237715] -mcpu=cortex-m3 -mthumb -g -O"
 1270      20726576 
 1270      6973696F 
 1270      6E203233 
 1270      37373135 
 1271 00d2 67202D66 		.ascii	"g -ffunction-sections -ffat-lto-objects\000"
 1271      66756E63 
 1271      74696F6E 
 1271      2D736563 
 1271      74696F6E 
 1272              	.LASF5:
 1273 00fa 6C6F6E67 		.ascii	"long unsigned int\000"
 1273      20756E73 
 1273      69676E65 
 1273      6420696E 
ARM GAS  C:\Users\Dias\AppData\Local\Temp\cceST03z.s 			page 24


 1273      7400
 1274              	.LASF3:
 1275 010c 73686F72 		.ascii	"short unsigned int\000"
 1275      7420756E 
 1275      7369676E 
 1275      65642069 
 1275      6E7400
 1276              	.LASF13:
 1277 011f 63795F6D 		.ascii	"cy_meta_custnvl\000"
 1277      6574615F 
 1277      63757374 
 1277      6E766C00 
 1278              	.LASF12:
 1279 012f 63795F6D 		.ascii	"cy_meta_configecc\000"
 1279      6574615F 
 1279      636F6E66 
 1279      69676563 
 1279      6300
 1280              	.LASF8:
 1281 0141 756E7369 		.ascii	"unsigned int\000"
 1281      676E6564 
 1281      20696E74 
 1281      00
 1282              	.LASF7:
 1283 014e 6C6F6E67 		.ascii	"long long unsigned int\000"
 1283      206C6F6E 
 1283      6720756E 
 1283      7369676E 
 1283      65642069 
 1284              	.LASF10:
 1285 0165 75696E74 		.ascii	"uint8_t\000"
 1285      385F7400 
 1286              	.LASF15:
 1287 016d 63795F6D 		.ascii	"cy_meta_flashprotect\000"
 1287      6574615F 
 1287      666C6173 
 1287      6870726F 
 1287      74656374 
 1288              	.LASF14:
 1289 0182 63795F6D 		.ascii	"cy_meta_wonvl\000"
 1289      6574615F 
 1289      776F6E76 
 1289      6C00
 1290              	.LASF11:
 1291 0190 73697A65 		.ascii	"sizetype\000"
 1291      74797065 
 1291      00
 1292              	.LASF6:
 1293 0199 6C6F6E67 		.ascii	"long long int\000"
 1293      206C6F6E 
 1293      6720696E 
 1293      7400
 1294              	.LASF2:
 1295 01a7 73686F72 		.ascii	"short int\000"
 1295      7420696E 
 1295      7400
 1296              	.LASF4:
ARM GAS  C:\Users\Dias\AppData\Local\Temp\cceST03z.s 			page 25


 1297 01b1 6C6F6E67 		.ascii	"long int\000"
 1297      20696E74 
 1297      00
 1298              	.LASF0:
 1299 01ba 7369676E 		.ascii	"signed char\000"
 1299      65642063 
 1299      68617200 
 1300              	.LASF18:
 1301 01c6 47656E65 		.ascii	"Generated_Source\\PSoC5\\cymetadata.c\000"
 1301      72617465 
 1301      645F536F 
 1301      75726365 
 1301      5C50536F 
 1302              		.ident	"GCC: (GNU Tools for ARM Embedded Processors) 5.4.1 20160609 (release) [ARM/embedded-5-bran
